2025-12-07T14:59:06.936612Z - Vault initialized successfully and master password stored as entry.
2025-12-07T14:59:35.673713Z - Vault initialized successfully and master password stored as entry.
2025-12-07T15:05:34.311841Z - Vault initialized successfully and master password stored as entry.
2025-12-07T15:06:05.998896Z - Vault initialized successfully and master password stored as entry.
2025-12-07T15:52:26.899864Z - Vault initialized successfully and master password stored as entry.
2025-12-07T15:53:08.893318Z - Vault initialized successfully and master password stored as entry.
2025-12-07T15:55:41.771746Z - Vault initialized successfully and master password stored as entry.
2025-12-07T16:02:33.550160Z - Vault initialized successfully and master password stored as entry.
2025-12-07T16:04:01.232282Z - Vault initialized successfully and master password stored as entry.
2025-12-07T16:05:25.824379Z - Vault initialized successfully and master password stored as entry.
2025-12-07T16:08:28.296853Z - Vault initialized successfully and master password stored as entry.
2025-12-07T16:11:03.229713Z - Vault initialized successfully and master password stored as entry.
2025-12-07T16:11:12.964793Z - Entry 'lol' added to the vault.
2025-12-07T16:15:52.530432Z - Vault initialized successfully and master password stored as entry.
2025-12-07T16:16:02.890187Z - Entry 'iu' added to the vault.
2025-12-07T16:18:14.490683Z - Vault initialized successfully and master password stored as entry.
2025-12-07T16:18:23.966509Z - Entry 'ee' added to the vault.
2025-12-07T16:30:04.733424Z - Vault initialized successfully and master password stored as entry.
2025-12-07T16:30:58.183865Z - Vault initialized successfully and master password stored as entry.
2025-12-07T16:31:08.674269Z - Vault initialized successfully and master password stored as entry.
2025-12-07T16:31:35.196039Z - Vault initialized successfully and master password stored as entry.
2025-12-07T16:31:58.655321Z - Entry 's' added to the vault.
2025-12-07T16:32:27.060927Z - Entry 'bob' added to the vault.
2025-12-07T16:32:36.163942Z - Entry 'w' added to the vault.
2025-12-07T18:58:13.476107Z - Vault initialized successfully and master password stored as entry.
2025-12-07T18:58:30.548806Z - Entry 'bob' added to the vault.
2025-12-07T18:59:31.232741Z - Vault initialized successfully and master password stored as entry.
2025-12-07T18:59:51.441230Z - Entry 'sm' added to the vault.
2025-12-07T19:01:51.926776Z - Vault initialized successfully and master password stored as entry.
2025-12-07T19:02:08.218476Z - Entry 'op' added to the vault.
2025-12-07T19:02:29.876334Z - Entry 'kok' added to the vault.
2025-12-07T19:03:47.942393Z - Vault initialized successfully and master password stored as entry.
2025-12-07T19:04:10.187720Z - Entry 'u' added to the vault.
2025-12-07T19:04:26.081206Z - Entry 'h' added to the vault.
2025-12-07T19:05:26.659392Z - Entry 'm' added to the vault.
2025-12-07T19:05:40.548412Z - Entry 'asdfgh' added to the vault.
2025-12-07T19:08:43.695103Z - Vault initialized successfully and master password stored as entry.
2025-12-07T19:09:36.054418Z - Vault initialized successfully and master password stored as entry.
2025-12-07T19:09:47.890741Z - Entry 'non' added to the vault.
2025-12-07T19:10:06.583670Z - Entry 'bob' added to the vault.
2025-12-07T19:10:20.604102Z - Vault initialized successfully and master password stored as entry.
2025-12-07T19:19:58.317105Z - Vault initialized successfully and master password stored as entry.
2025-12-07T19:20:23.631693Z - Vault initialized successfully and master password stored as entry.
2025-12-07T19:21:11.923470Z - Vault initialized successfully and master password stored as entry.
2025-12-07T19:21:56.316577Z - Vault initialized successfully and master password stored as entry.
2025-12-07T19:22:42.564201Z - Vault initialized successfully and master password stored as entry.
2025-12-07T19:23:53.813907Z - Vault initialized successfully and master password stored as entry.
2025-12-07T19:25:20.419886Z - Vault initialized successfully and master password stored as entry.
2025-12-07T19:26:22.938483Z - Vault initialized successfully and master password stored as entry.
2025-12-07T19:28:03.441282Z - Vault initialized successfully and master password stored as entry.
2025-12-07T19:30:05.079365Z - Vault initialized successfully and master password stored as entry.
2025-12-07T19:31:04.481397Z - Vault initialized successfully and master password stored as entry.
2025-12-07T19:31:57.780995Z - Vault initialized successfully and master password stored as entry.
2025-12-07T19:34:03.177782Z - Vault initialized successfully and master password stored as entry.
2025-12-07T19:34:05.896565Z - Attempted to retrieve non-existent entry 'wo'.
2025-12-07T19:34:30.740014Z - Vault initialized successfully and master password stored as entry.
2025-12-07T19:34:34.807024Z - Attempted to retrieve non-existent entry 'zoz'.
2025-12-07T19:37:36.396997Z - Vault initialized successfully and master password stored as entry.
2025-12-07T19:38:08.985498Z - Vault initialized successfully and master password stored as entry.
2025-12-07T19:38:13.150498Z - Attempted to retrieve non-existent entry 'bobo'.
2025-12-07T19:41:42.751743Z - Vault initialized successfully and master password stored as entry.
2025-12-07T19:41:45.327471Z - Attempted to retrieve non-existent entry 'coc'.
2025-12-07T19:42:13.787910Z - Vault initialized successfully and master password stored as entry.
2025-12-07T19:42:16.667944Z - Attempted to retrieve non-existent entry 'dod'.
2025-12-07T19:42:40.882569Z - Vault initialized successfully and master password stored as entry.
2025-12-07T19:42:44.085553Z - Attempted to retrieve non-existent entry 'eoe'.
2025-12-07T19:43:31.375600Z - Vault initialized successfully and master password stored as entry.
2025-12-07T19:43:34.387920Z - Attempted to retrieve non-existent entry 'fof'.
2025-12-07T19:43:55.641365Z - Vault initialized successfully and master password stored as entry.
2025-12-07T19:43:57.495957Z - Attempted to retrieve non-existent entry 'hoh'.
2025-12-07T20:35:01.766953Z - Vault initialized successfully and master password stored as entry.
2025-12-07T20:41:46.699129Z - Vault initialized successfully and master password stored as entry.
2025-12-07T21:00:52.263546Z - Vault initialized successfully and master password stored as entry.
2025-12-07T21:06:08.734562Z - Vault initialized successfully and master password stored as entry.
2025-12-07T21:06:49.940981Z - Vault initialized successfully and master password stored as entry.
2025-12-07T21:07:22.744673Z - Vault initialized successfully and master password stored as entry.
2025-12-07T21:08:30.818779Z - Vault initialized successfully and master password stored as entry.
2025-12-07T21:09:26.841537Z - Vault initialized successfully and master password stored as entry.
2025-12-07T21:10:37.051822Z - Vault initialized successfully and master password stored as entry.
2025-12-07T21:11:17.634812Z - Vault initialized successfully and master password stored as entry.
2025-12-07T21:11:46.848922Z - Vault initialized successfully and master password stored as entry.
2025-12-07T21:12:44.656600Z - Vault initialized successfully and master password stored as entry.
2025-12-07T21:12:58.588316Z - Vault initialized successfully and master password stored as entry.
2025-12-07T21:13:21.020663Z - Vault initialized successfully and master password stored as entry.
2025-12-07T21:14:48.194883Z - Vault initialized successfully and master password stored as entry.
2025-12-07T21:15:32.263166Z - Vault initialized successfully and master password stored as entry.
2025-12-07T21:15:35.273079Z - Attempted to retrieve non-existent entry 'l'.
2025-12-07T21:17:27.477307Z - Vault initialized successfully and master password stored as entry.
2025-12-07T21:17:30.177563Z - Attempted to retrieve non-existent entry 'q'.
2025-12-07T21:17:51.557314Z - Vault initialized successfully and master password stored as entry.
2025-12-07T21:17:53.761889Z - Attempted to retrieve non-existent entry 'q'.
2025-12-07T21:19:03.062919Z - Vault initialized successfully and master password stored as entry.
2025-12-07T21:19:06.888915Z - Attempted to retrieve non-existent entry 'e'.
2025-12-07T21:20:20.073002Z - Vault initialized successfully and master password stored as entry.
2025-12-07T21:20:29.209089Z - Attempted to retrieve non-existent entry 'e'.
2025-12-07T21:21:13.158791Z - Vault initialized successfully and master password stored as entry.
2025-12-07T21:21:15.479043Z - Attempted to retrieve non-existent entry 'e'.
2025-12-07T21:22:51.595677Z - Vault initialized successfully and master password stored as entry.
2025-12-07T21:54:35.220785Z - Vault initialized successfully and master password stored as entry.
2025-12-07T21:55:20.942986Z - Vault initialized successfully and master password stored as entry.
2025-12-07T21:56:13.763848Z - Vault initialized successfully and master password stored as entry.
2025-12-07T21:57:08.857561Z - Vault initialized successfully and master password stored as entry.
2025-12-07T21:57:38.459126Z - Vault initialized successfully and master password stored as entry.
2025-12-07T21:57:44.991262Z - Attempted to retrieve non-existent entry 'e'.
